<?xml version="1.0" encoding="UTF-8"?>
<!-- Generated by org.testng.reporters.JUnitReportReporter -->
<testsuite skipped="0" hostname="DESKTOP-MVUB78F" name="POMTest.PageObjects" tests="3" failures="0" timestamp="28 Jul 2020 11:55:28 GMT" time="2.651" errors="0">
  <testcase name="executehomepage" time="2.649" classname="POMTest.PageObjects"/>
  <testcase name="executelogin" time="0.001" classname="POMTest.PageObjects"/>
  <testcase name="executelogout" time="0.001" classname="POMTest.PageObjects"/>
</testsuite> <!-- POMTest.PageObjects -->
