<?xml version="1.0" encoding="UTF-8"?>
<!-- Generated by org.testng.reporters.JUnitReportReporter -->
<testsuite skipped="0" hostname="DESKTOP-MVUB78F" name="POMTest.HomePageActions" tests="2" failures="0" timestamp="30 Jul 2020 12:32:58 GMT" time="1.994" errors="0">
  <testcase name="executeclicksearch" time="1.741" classname="POMTest.HomePageActions"/>
  <testcase name="executeHomepage" time="0.253" classname="POMTest.HomePageActions"/>
</testsuite> <!-- POMTest.HomePageActions -->
