<?xml version="1.0" encoding="UTF-8"?>
<!-- Generated by org.testng.reporters.JUnitReportReporter -->
<testsuite skipped="0" hostname="DESKTOP-MVUB78F" name="com.actions.CheckOut" tests="1" failures="0" timestamp="07 Aug 2020 15:30:11 GMT" time="1.109" errors="0">
  <testcase name="homePage" time="1.109" classname="com.actions.CheckOut"/>
</testsuite> <!-- com.actions.CheckOut -->
