<?xml version="1.0" encoding="UTF-8"?>
<!-- Generated by org.testng.reporters.JUnitReportReporter -->
<testsuite skipped="0" hostname="DESKTOP-MVUB78F" name="com.actions.RegisterActions" tests="2" failures="0" timestamp="07 Aug 2020 15:15:15 GMT" time="1.922" errors="0">
  <testcase name="registerActions" time="0.919" classname="com.actions.RegisterActions"/>
  <testcase name="homepageactions" time="1.003" classname="com.actions.RegisterActions"/>
</testsuite> <!-- com.actions.RegisterActions -->
