<?xml version="1.0" encoding="UTF-8"?>
<!-- Generated by org.testng.reporters.JUnitReportReporter -->
<testsuite skipped="0" hostname="DESKTOP-MVUB78F" name="com.actions.LoginPageActions" tests="2" failures="0" timestamp="07 Aug 2020 15:15:15 GMT" time="2.692" errors="0">
  <testcase name="invalidLogin" time="1.670" classname="com.actions.LoginPageActions"/>
  <testcase name="homepagetests" time="1.022" classname="com.actions.LoginPageActions"/>
</testsuite> <!-- com.actions.LoginPageActions -->
