<?xml version="1.0" encoding="UTF-8"?>
<!-- Generated by org.testng.reporters.JUnitReportReporter -->
<testsuite skipped="0" hostname="DESKTOP-MVUB78F" name="com.actions.HomePageActions" tests="1" failures="0" timestamp="07 Aug 2020 15:15:15 GMT" time="2.677" errors="0">
  <testcase name="ActionsinHomepage" time="2.677" classname="com.actions.HomePageActions"/>
</testsuite> <!-- com.actions.HomePageActions -->
