<?xml version="1.0" encoding="UTF-8"?>
<!-- Generated by org.testng.reporters.JUnitReportReporter -->
<testsuite skipped="0" hostname="DESKTOP-MVUB78F" name="com.actions.ForgotPasswordActions" tests="2" failures="0" timestamp="07 Aug 2020 15:15:15 GMT" time="1.288" errors="0">
  <testcase name="homepagetests" time="1.047" classname="com.actions.ForgotPasswordActions"/>
  <testcase name="forgotpasswordtests" time="0.241" classname="com.actions.ForgotPasswordActions"/>
</testsuite> <!-- com.actions.ForgotPasswordActions -->
